# JRE version: 7.0_25-b30
# Java VM: OpenJDK Client VM (23.7-b01 mixed mode, sharing linux-x86 )
Heap
 def new generation   total 4736K, used 1426K [0x6f580000, 0x6faa0000, 0x79c20000)
  eden space 4224K,  26% used [0x6f580000, 0x6f699958, 0x6f9a0000)
  from space 512K,  58% used [0x6fa20000, 0x6fa6af38, 0x6faa0000)
  to   space 512K,   0% used [0x6f9a0000, 0x6f9a0000, 0x6fa20000)
 tenured generation   total 10624K, used 7622K [0x79c20000, 0x7a680000, 0x8e980000)
   the space 10624K,  71% used [0x79c20000, 0x7a391818, 0x7a391a00, 0x7a680000)
 compacting perm gen  total 14080K, used 13870K [0x8e980000, 0x8f740000, 0x92980000)
   the space 14080K,  98% used [0x8e980000, 0x8f70b8a8, 0x8f70ba00, 0x8f740000)
    ro space 10240K,  60% used [0x92980000, 0x92f8c968, 0x92f8ca00, 0x93380000)
    rw space 12288K,  61% used [0x93380000, 0x93ae62d8, 0x93ae6400, 0x93f80000)
GC Heap History (10 events):
Event: 5,267 GC heap before
{Heap before GC invocations=4 (full 0):
 def new generation   total 4736K, used 4736K [0x6f580000, 0x6faa0000, 0x79c20000)
  eden space 4224K, 100% used [0x6f580000, 0x6f9a0000, 0x6f9a0000)
  from space 512K, 100% used [0x6f9a0000, 0x6fa20000, 0x6fa20000)
  to   space 512K,   0% used [0x6fa20000, 0x6fa20000, 0x6faa0000)
 tenured generation   total 10624K, used 5445K [0x79c20000, 0x7a680000, 0x8e980000)
   the space 10624K,  51% used [0x79c20000, 0x7a171680, 0x7a171800, 0x7a680000)
 compacting perm gen  total 12544K, used 12298K [0x8e980000, 0x8f5c0000, 0x92980000)
   the space 12544K,  98% used [0x8e980000, 0x8f582b58, 0x8f582c00, 0x8f5c0000)
    ro space 10240K,  60% used [0x92980000, 0x92f8c968, 0x92f8ca00, 0x93380000)
    rw space 12288K,  61% used [0x93380000, 0x93ae62d8, 0x93ae6400, 0x93f80000)
Event: 5,294 GC heap after
Heap after GC invocations=5 (full 0):
 def new generation   total 4736K, used 512K [0x6f580000, 0x6faa0000, 0x79c20000)
  eden space 4224K,   0% used [0x6f580000, 0x6f580000, 0x6f9a0000)
  from space 512K, 100% used [0x6fa20000, 0x6faa0000, 0x6faa0000)
  to   space 512K,   0% used [0x6f9a0000, 0x6f9a0000, 0x6fa20000)
 tenured generation   total 10624K, used 6030K [0x79c20000, 0x7a680000, 0x8e980000)
   the space 10624K,  56% used [0x79c20000, 0x7a203a90, 0x7a203c00, 0x7a680000)
 compacting perm gen  total 12544K, used 12298K [0x8e980000, 0x8f5c0000, 0x92980000)
   the space 12544K,  98% used [0x8e980000, 0x8f582b58, 0x8f582c00, 0x8f5c0000)
    ro space 10240K,  60% used [0x92980000, 0x92f8c968, 0x92f8ca00, 0x93380000)
    rw space 12288K,  61% used [0x93380000, 0x93ae62d8, 0x93ae6400, 0x93f80000)
}
Event: 5,724 GC heap before
{Heap before GC invocations=5 (full 0):
 def new generation   total 4736K, used 4736K [0x6f580000, 0x6faa0000, 0x79c20000)
  eden space 4224K, 100% used [0x6f580000, 0x6f9a0000, 0x6f9a0000)
  from space 512K, 100% used [0x6fa20000, 0x6faa0000, 0x6faa0000)
  to   space 512K,   0% used [0x6f9a0000, 0x6f9a0000, 0x6fa20000)
 tenured generation   total 10624K, used 6030K [0x79c20000, 0x7a680000, 0x8e980000)
   the space 10624K,  56% used [0x79c20000, 0x7a203a90, 0x7a203c00, 0x7a680000)
 compacting perm gen  total 12800K, used 12709K [0x8e980000, 0x8f600000, 0x92980000)
   the space 12800K,  99% used [0x8e980000, 0x8f5e94f0, 0x8f5e9600, 0x8f600000)
    ro space 10240K,  60% used [0x92980000, 0x92f8c968, 0x92f8ca00, 0x93380000)
    rw space 12288K,  61% used [0x93380000, 0x93ae62d8, 0x93ae6400, 0x93f80000)
Event: 5,745 GC heap after
Heap after GC invocations=6 (full 0):
 def new generation   total 4736K, used 341K [0x6f580000, 0x6faa0000, 0x79c20000)
  eden space 4224K,   0% used [0x6f580000, 0x6f580000, 0x6f9a0000)
  from space 512K,  66% used [0x6f9a0000, 0x6f9f5548, 0x6fa20000)
  to   space 512K,   0% used [0x6fa20000, 0x6fa20000, 0x6faa0000)
 tenured generation   total 10624K, used 6489K [0x79c20000, 0x7a680000, 0x8e980000)
   the space 10624K,  61% used [0x79c20000, 0x7a276540, 0x7a276600, 0x7a680000)
 compacting perm gen  total 12800K, used 12709K [0x8e980000, 0x8f600000, 0x92980000)
   the space 12800K,  99% used [0x8e980000, 0x8f5e94f0, 0x8f5e9600, 0x8f600000)
    ro space 10240K,  60% used [0x92980000, 0x92f8c968, 0x92f8ca00, 0x93380000)
    rw space 12288K,  61% used [0x93380000, 0x93ae62d8, 0x93ae6400, 0x93f80000)
}
Event: 6,704 GC heap before
{Heap before GC invocations=6 (full 0):
 def new generation   total 4736K, used 4565K [0x6f580000, 0x6faa0000, 0x79c20000)
  eden space 4224K, 100% used [0x6f580000, 0x6f9a0000, 0x6f9a0000)
  from space 512K,  66% used [0x6f9a0000, 0x6f9f5548, 0x6fa20000)
  to   space 512K,   0% used [0x6fa20000, 0x6fa20000, 0x6faa0000)
 tenured generation   total 10624K, used 6489K [0x79c20000, 0x7a680000, 0x8e980000)
   the space 10624K,  61% used [0x79c20000, 0x7a276540, 0x7a276600, 0x7a680000)
 compacting perm gen  total 13824K, used 13678K [0x8e980000, 0x8f700000, 0x92980000)
   the space 13824K,  98% used [0x8e980000, 0x8f6dbb68, 0x8f6dbc00, 0x8f700000)
    ro space 10240K,  60% used [0x92980000, 0x92f8c968, 0x92f8ca00, 0x93380000)
    rw space 12288K,  61% used [0x93380000, 0x93ae62d8, 0x93ae6400, 0x93f80000)
Event: 6,730 GC heap after
Heap after GC invocations=7 (full 0):
 def new generation   total 4736K, used 512K [0x6f580000, 0x6faa0000, 0x79c20000)
  eden space 4224K,   0% used [0x6f580000, 0x6f580000, 0x6f9a0000)
  from space 512K, 100% used [0x6fa20000, 0x6faa0000, 0x6faa0000)
  to   space 512K,   0% used [0x6f9a0000, 0x6f9a0000, 0x6fa20000)
 tenured generation   total 10624K, used 7126K [0x79c20000, 0x7a680000, 0x8e980000)
   the space 10624K,  67% used [0x79c20000, 0x7a3159a0, 0x7a315a00, 0x7a680000)
 compacting perm gen  total 13824K, used 13678K [0x8e980000, 0x8f700000, 0x92980000)
   the space 13824K,  98% used [0x8e980000, 0x8f6dbb68, 0x8f6dbc00, 0x8f700000)
    ro space 10240K,  60% used [0x92980000, 0x92f8c968, 0x92f8ca00, 0x93380000)
    rw space 12288K,  61% used [0x93380000, 0x93ae62d8, 0x93ae6400, 0x93f80000)
}
Event: 7,174 GC heap before
{Heap before GC invocations=7 (full 0):
 def new generation   total 4736K, used 4736K [0x6f580000, 0x6faa0000, 0x79c20000)
  eden space 4224K, 100% used [0x6f580000, 0x6f9a0000, 0x6f9a0000)
  from space 512K, 100% used [0x6fa20000, 0x6faa0000, 0x6faa0000)
  to   space 512K,   0% used [0x6f9a0000, 0x6f9a0000, 0x6fa20000)
 tenured generation   total 10624K, used 7126K [0x79c20000, 0x7a680000, 0x8e980000)
   the space 10624K,  67% used [0x79c20000, 0x7a3159a0, 0x7a315a00, 0x7a680000)
 compacting perm gen  total 14080K, used 13868K [0x8e980000, 0x8f740000, 0x92980000)
   the space 14080K,  98% used [0x8e980000, 0x8f70b080, 0x8f70b200, 0x8f740000)
    ro space 10240K,  60% used [0x92980000, 0x92f8c968, 0x92f8ca00, 0x93380000)
    rw space 12288K,  61% used [0x93380000, 0x93ae62d8, 0x93ae6400, 0x93f80000)
Event: 7,194 GC heap after
Heap after GC invocations=8 (full 0):
 def new generation   total 4736K, used 192K [0x6f580000, 0x6faa0000, 0x79c20000)
  eden space 4224K,   0% used [0x6f580000, 0x6f580000, 0x6f9a0000)
  from space 512K,  37% used [0x6f9a0000, 0x6f9d0390, 0x6fa20000)
  to   space 512K,   0% used [0x6fa20000, 0x6fa20000, 0x6faa0000)
 tenured generation   total 10624K, used 7622K [0x79c20000, 0x7a680000, 0x8e980000)
   the space 10624K,  71% used [0x79c20000, 0x7a391818, 0x7a391a00, 0x7a680000)
 compacting perm gen  total 14080K, used 13868K [0x8e980000, 0x8f740000, 0x92980000)
   the space 14080K,  98% used [0x8e980000, 0x8f70b080, 0x8f70b200, 0x8f740000)
    ro space 10240K,  60% used [0x92980000, 0x92f8c968, 0x92f8ca00, 0x93380000)
    rw space 12288K,  61% used [0x93380000, 0x93ae62d8, 0x93ae6400, 0x93f80000)
}
Event: 7,578 GC heap before
{Heap before GC invocations=8 (full 0):
 def new generation   total 4736K, used 4416K [0x6f580000, 0x6faa0000, 0x79c20000)
  eden space 4224K, 100% used [0x6f580000, 0x6f9a0000, 0x6f9a0000)
  from space 512K,  37% used [0x6f9a0000, 0x6f9d0390, 0x6fa20000)
  to   space 512K,   0% used [0x6fa20000, 0x6fa20000, 0x6faa0000)
 tenured generation   total 10624K, used 7622K [0x79c20000, 0x7a680000, 0x8e980000)
   the space 10624K,  71% used [0x79c20000, 0x7a391818, 0x7a391a00, 0x7a680000)
 compacting perm gen  total 14080K, used 13870K [0x8e980000, 0x8f740000, 0x92980000)
   the space 14080K,  98% used [0x8e980000, 0x8f70b848, 0x8f70ba00, 0x8f740000)
    ro space 10240K,  60% used [0x92980000, 0x92f8c968, 0x92f8ca00, 0x93380000)
    rw space 12288K,  61% used [0x93380000, 0x93ae62d8, 0x93ae6400, 0x93f80000)
Event: 7,589 GC heap after
Heap after GC invocations=9 (full 0):
 def new generation   total 4736K, used 299K [0x6f580000, 0x6faa0000, 0x79c20000)
  eden space 4224K,   0% used [0x6f580000, 0x6f580000, 0x6f9a0000)
  from space 512K,  58% used [0x6fa20000, 0x6fa6af38, 0x6faa0000)
  to   space 512K,   0% used [0x6f9a0000, 0x6f9a0000, 0x6fa20000)
 tenured generation   total 10624K, used 7622K [0x79c20000, 0x7a680000, 0x8e980000)
   the space 10624K,  71% used [0x79c20000, 0x7a391818, 0x7a391a00, 0x7a680000)
 compacting perm gen  total 14080K, used 13870K [0x8e980000, 0x8f740000, 0x92980000)
   the space 14080K,  98% used [0x8e980000, 0x8f70b848, 0x8f70ba00, 0x8f740000)
    ro space 10240K,  60% used [0x92980000, 0x92f8c968, 0x92f8ca00, 0x93380000)
    rw space 12288K,  61% used [0x93380000, 0x93ae62d8, 0x93ae6400, 0x93f80000)
}

